INFO [2021-10-15 20:02:35] $x
INFO [2021-10-15 20:02:35] list(step_ids, sleep_ids, heartrate_ids, weight_ids)
INFO [2021-10-15 20:02:35] 
INFO [2021-10-15 20:02:35] $category.names
INFO [2021-10-15 20:02:35] c("Step counter", "Sleep monitor", "Heart monitor", "Weight tracking")
INFO [2021-10-15 20:02:35] 
INFO [2021-10-15 20:02:35] $filename
INFO [2021-10-15 20:02:35] [1] "features_venn.png"
INFO [2021-10-15 20:02:35] 
INFO [2021-10-15 20:02:35] $output
INFO [2021-10-15 20:02:35] [1] TRUE
INFO [2021-10-15 20:02:35] 
INFO [2021-10-15 20:02:35] $imagetype
INFO [2021-10-15 20:02:35] [1] "png"
INFO [2021-10-15 20:02:35] 
INFO [2021-10-15 20:02:35] $lwd
INFO [2021-10-15 20:02:35] [1] 2
INFO [2021-10-15 20:02:35] 
INFO [2021-10-15 20:02:35] $fill
INFO [2021-10-15 20:02:35] c("skyblue", "pink1", "mediumorchid", "orange")
INFO [2021-10-15 20:02:35] 
INFO [2021-10-15 20:02:35] $cex
INFO [2021-10-15 20:02:35] [1] 1
INFO [2021-10-15 20:02:35] 
INFO [2021-10-15 20:02:35] $fontface
INFO [2021-10-15 20:02:35] [1] "bold"
INFO [2021-10-15 20:02:35] 
INFO [2021-10-15 20:02:35] $fontfamily
INFO [2021-10-15 20:02:35] [1] "sans"
INFO [2021-10-15 20:02:35] 
INFO [2021-10-15 20:02:35] $cat.cex
INFO [2021-10-15 20:02:35] [1] 0.7
INFO [2021-10-15 20:02:35] 
INFO [2021-10-15 20:02:35] $cat.fontface
INFO [2021-10-15 20:02:35] [1] "bold"
INFO [2021-10-15 20:02:35] 
INFO [2021-10-15 20:02:35] $cat.default.pos
INFO [2021-10-15 20:02:35] [1] "outer"
INFO [2021-10-15 20:02:35] 
INFO [2021-10-15 20:02:35] $cat.fontfamily
INFO [2021-10-15 20:02:35] [1] "sans"
INFO [2021-10-15 20:02:35] 
