INFO [2021-10-15 19:13:00] $x
INFO [2021-10-15 19:13:00] list(step_ids, sleep_ids, heartrate_ids, weight_ids)
INFO [2021-10-15 19:13:00] 
INFO [2021-10-15 19:13:00] $category.names
INFO [2021-10-15 19:13:00] c("Step counter", "Sleep monitor", "Heart monitor", "Weight tracking")
INFO [2021-10-15 19:13:00] 
INFO [2021-10-15 19:13:00] $filename
INFO [2021-10-15 19:13:00] [1] "features_venn.png"
INFO [2021-10-15 19:13:00] 
INFO [2021-10-15 19:13:00] $output
INFO [2021-10-15 19:13:00] [1] TRUE
INFO [2021-10-15 19:13:00] 
INFO [2021-10-15 19:13:00] $imagetype
INFO [2021-10-15 19:13:00] [1] "png"
INFO [2021-10-15 19:13:00] 
INFO [2021-10-15 19:13:00] $lwd
INFO [2021-10-15 19:13:00] [1] 2
INFO [2021-10-15 19:13:00] 
INFO [2021-10-15 19:13:00] $fill
INFO [2021-10-15 19:13:00] c("skyblue", "pink1", "mediumorchid", "orange")
INFO [2021-10-15 19:13:00] 
INFO [2021-10-15 19:13:00] $cex
INFO [2021-10-15 19:13:00] [1] 1
INFO [2021-10-15 19:13:00] 
INFO [2021-10-15 19:13:00] $fontface
INFO [2021-10-15 19:13:00] [1] "bold"
INFO [2021-10-15 19:13:00] 
INFO [2021-10-15 19:13:00] $fontfamily
INFO [2021-10-15 19:13:00] [1] "sans"
INFO [2021-10-15 19:13:00] 
INFO [2021-10-15 19:13:00] $cat.cex
INFO [2021-10-15 19:13:00] [1] 0.7
INFO [2021-10-15 19:13:00] 
INFO [2021-10-15 19:13:00] $cat.fontface
INFO [2021-10-15 19:13:00] [1] "bold"
INFO [2021-10-15 19:13:00] 
INFO [2021-10-15 19:13:00] $cat.default.pos
INFO [2021-10-15 19:13:00] [1] "outer"
INFO [2021-10-15 19:13:00] 
INFO [2021-10-15 19:13:00] $cat.fontfamily
INFO [2021-10-15 19:13:00] [1] "sans"
INFO [2021-10-15 19:13:00] 
