INFO [2021-10-16 12:02:55] $x
INFO [2021-10-16 12:02:55] list(step_ids, sleep_ids, heartrate_ids, weight_ids)
INFO [2021-10-16 12:02:55] 
INFO [2021-10-16 12:02:55] $category.names
INFO [2021-10-16 12:02:55] c("Steps count", "Sleep monitor", "Heart monitor", "Weight tracking")
INFO [2021-10-16 12:02:55] 
INFO [2021-10-16 12:02:55] $filename
INFO [2021-10-16 12:02:55] [1] "features_venn.png"
INFO [2021-10-16 12:02:55] 
INFO [2021-10-16 12:02:55] $output
INFO [2021-10-16 12:02:55] [1] TRUE
INFO [2021-10-16 12:02:55] 
INFO [2021-10-16 12:02:55] $imagetype
INFO [2021-10-16 12:02:55] [1] "png"
INFO [2021-10-16 12:02:55] 
INFO [2021-10-16 12:02:55] $lwd
INFO [2021-10-16 12:02:55] [1] 2
INFO [2021-10-16 12:02:55] 
INFO [2021-10-16 12:02:55] $fill
INFO [2021-10-16 12:02:55] c("skyblue", "pink1", "mediumorchid", "orange")
INFO [2021-10-16 12:02:55] 
INFO [2021-10-16 12:02:55] $cex
INFO [2021-10-16 12:02:55] [1] 1
INFO [2021-10-16 12:02:55] 
INFO [2021-10-16 12:02:55] $fontface
INFO [2021-10-16 12:02:55] [1] "bold"
INFO [2021-10-16 12:02:55] 
INFO [2021-10-16 12:02:55] $fontfamily
INFO [2021-10-16 12:02:55] [1] "sans"
INFO [2021-10-16 12:02:55] 
INFO [2021-10-16 12:02:55] $cat.cex
INFO [2021-10-16 12:02:55] [1] 0.7
INFO [2021-10-16 12:02:55] 
INFO [2021-10-16 12:02:55] $cat.fontface
INFO [2021-10-16 12:02:55] [1] "bold"
INFO [2021-10-16 12:02:55] 
INFO [2021-10-16 12:02:55] $cat.default.pos
INFO [2021-10-16 12:02:55] [1] "outer"
INFO [2021-10-16 12:02:55] 
INFO [2021-10-16 12:02:55] $cat.fontfamily
INFO [2021-10-16 12:02:55] [1] "sans"
INFO [2021-10-16 12:02:55] 
