INFO [2021-10-16 12:31:48] $x
INFO [2021-10-16 12:31:48] list(step_ids, sleep_ids, heartrate_ids, weight_ids)
INFO [2021-10-16 12:31:48] 
INFO [2021-10-16 12:31:48] $category.names
INFO [2021-10-16 12:31:48] c("Steps count", "Sleep monitor", "Heart monitor", "Weight tracking")
INFO [2021-10-16 12:31:48] 
INFO [2021-10-16 12:31:48] $filename
INFO [2021-10-16 12:31:48] [1] "features_venn.png"
INFO [2021-10-16 12:31:48] 
INFO [2021-10-16 12:31:48] $output
INFO [2021-10-16 12:31:48] [1] TRUE
INFO [2021-10-16 12:31:48] 
INFO [2021-10-16 12:31:48] $imagetype
INFO [2021-10-16 12:31:48] [1] "png"
INFO [2021-10-16 12:31:48] 
INFO [2021-10-16 12:31:48] $lwd
INFO [2021-10-16 12:31:48] [1] 2
INFO [2021-10-16 12:31:48] 
INFO [2021-10-16 12:31:48] $fill
INFO [2021-10-16 12:31:48] c("skyblue", "pink1", "mediumorchid", "orange")
INFO [2021-10-16 12:31:48] 
INFO [2021-10-16 12:31:48] $cex
INFO [2021-10-16 12:31:48] [1] 1
INFO [2021-10-16 12:31:48] 
INFO [2021-10-16 12:31:48] $fontface
INFO [2021-10-16 12:31:48] [1] "bold"
INFO [2021-10-16 12:31:48] 
INFO [2021-10-16 12:31:48] $fontfamily
INFO [2021-10-16 12:31:48] [1] "sans"
INFO [2021-10-16 12:31:48] 
INFO [2021-10-16 12:31:48] $cat.cex
INFO [2021-10-16 12:31:48] [1] 0.7
INFO [2021-10-16 12:31:48] 
INFO [2021-10-16 12:31:48] $cat.fontface
INFO [2021-10-16 12:31:48] [1] "bold"
INFO [2021-10-16 12:31:48] 
INFO [2021-10-16 12:31:48] $cat.default.pos
INFO [2021-10-16 12:31:48] [1] "outer"
INFO [2021-10-16 12:31:48] 
INFO [2021-10-16 12:31:48] $cat.fontfamily
INFO [2021-10-16 12:31:48] [1] "sans"
INFO [2021-10-16 12:31:48] 
