INFO [2021-10-18 11:14:46] $x
INFO [2021-10-18 11:14:46] list(step_ids, sleep_ids, heartrate_ids, weight_ids)
INFO [2021-10-18 11:14:46] 
INFO [2021-10-18 11:14:46] $category.names
INFO [2021-10-18 11:14:46] c("Steps count", "Sleep monitor", "Heart monitor", "Weight tracking")
INFO [2021-10-18 11:14:46] 
INFO [2021-10-18 11:14:46] $filename
INFO [2021-10-18 11:14:46] [1] "features_venn.png"
INFO [2021-10-18 11:14:46] 
INFO [2021-10-18 11:14:46] $output
INFO [2021-10-18 11:14:46] [1] TRUE
INFO [2021-10-18 11:14:46] 
INFO [2021-10-18 11:14:46] $imagetype
INFO [2021-10-18 11:14:46] [1] "png"
INFO [2021-10-18 11:14:46] 
INFO [2021-10-18 11:14:46] $lwd
INFO [2021-10-18 11:14:46] [1] 2
INFO [2021-10-18 11:14:46] 
INFO [2021-10-18 11:14:46] $fill
INFO [2021-10-18 11:14:46] c("skyblue", "pink1", "mediumorchid", "orange")
INFO [2021-10-18 11:14:46] 
INFO [2021-10-18 11:14:46] $cex
INFO [2021-10-18 11:14:46] [1] 1
INFO [2021-10-18 11:14:46] 
INFO [2021-10-18 11:14:46] $fontface
INFO [2021-10-18 11:14:46] [1] "bold"
INFO [2021-10-18 11:14:46] 
INFO [2021-10-18 11:14:46] $fontfamily
INFO [2021-10-18 11:14:46] [1] "sans"
INFO [2021-10-18 11:14:46] 
INFO [2021-10-18 11:14:46] $cat.cex
INFO [2021-10-18 11:14:46] [1] 0.7
INFO [2021-10-18 11:14:46] 
INFO [2021-10-18 11:14:46] $cat.fontface
INFO [2021-10-18 11:14:46] [1] "bold"
INFO [2021-10-18 11:14:46] 
INFO [2021-10-18 11:14:46] $cat.default.pos
INFO [2021-10-18 11:14:46] [1] "outer"
INFO [2021-10-18 11:14:46] 
INFO [2021-10-18 11:14:46] $cat.fontfamily
INFO [2021-10-18 11:14:46] [1] "sans"
INFO [2021-10-18 11:14:46] 
