INFO [2021-10-16 12:22:31] $x
INFO [2021-10-16 12:22:31] list(step_ids, sleep_ids, heartrate_ids, weight_ids)
INFO [2021-10-16 12:22:31] 
INFO [2021-10-16 12:22:31] $category.names
INFO [2021-10-16 12:22:31] c("Steps count", "Sleep monitor", "Heart monitor", "Weight tracking")
INFO [2021-10-16 12:22:31] 
INFO [2021-10-16 12:22:31] $filename
INFO [2021-10-16 12:22:31] [1] "features_venn.png"
INFO [2021-10-16 12:22:31] 
INFO [2021-10-16 12:22:31] $output
INFO [2021-10-16 12:22:31] [1] TRUE
INFO [2021-10-16 12:22:31] 
INFO [2021-10-16 12:22:31] $imagetype
INFO [2021-10-16 12:22:31] [1] "png"
INFO [2021-10-16 12:22:31] 
INFO [2021-10-16 12:22:31] $lwd
INFO [2021-10-16 12:22:31] [1] 2
INFO [2021-10-16 12:22:31] 
INFO [2021-10-16 12:22:31] $fill
INFO [2021-10-16 12:22:31] c("skyblue", "pink1", "mediumorchid", "orange")
INFO [2021-10-16 12:22:31] 
INFO [2021-10-16 12:22:31] $cex
INFO [2021-10-16 12:22:31] [1] 1
INFO [2021-10-16 12:22:31] 
INFO [2021-10-16 12:22:31] $fontface
INFO [2021-10-16 12:22:31] [1] "bold"
INFO [2021-10-16 12:22:31] 
INFO [2021-10-16 12:22:31] $fontfamily
INFO [2021-10-16 12:22:31] [1] "sans"
INFO [2021-10-16 12:22:31] 
INFO [2021-10-16 12:22:31] $cat.cex
INFO [2021-10-16 12:22:31] [1] 0.7
INFO [2021-10-16 12:22:31] 
INFO [2021-10-16 12:22:31] $cat.fontface
INFO [2021-10-16 12:22:31] [1] "bold"
INFO [2021-10-16 12:22:31] 
INFO [2021-10-16 12:22:31] $cat.default.pos
INFO [2021-10-16 12:22:31] [1] "outer"
INFO [2021-10-16 12:22:31] 
INFO [2021-10-16 12:22:31] $cat.fontfamily
INFO [2021-10-16 12:22:31] [1] "sans"
INFO [2021-10-16 12:22:31] 
