INFO [2021-10-14 12:29:44] $x
INFO [2021-10-14 12:29:44] list(step_ids, sleep_ids, heartrate_ids, weight_ids)
INFO [2021-10-14 12:29:44] 
INFO [2021-10-14 12:29:44] $category.names
INFO [2021-10-14 12:29:44] c("Step counter", "Sleep monitor", "Heart monitor", "Weight tracking")
INFO [2021-10-14 12:29:44] 
INFO [2021-10-14 12:29:44] $filename
INFO [2021-10-14 12:29:44] [1] "features_venn.png"
INFO [2021-10-14 12:29:44] 
INFO [2021-10-14 12:29:44] $output
INFO [2021-10-14 12:29:44] [1] TRUE
INFO [2021-10-14 12:29:44] 
INFO [2021-10-14 12:29:44] $imagetype
INFO [2021-10-14 12:29:44] [1] "png"
INFO [2021-10-14 12:29:44] 
INFO [2021-10-14 12:29:44] $lwd
INFO [2021-10-14 12:29:44] [1] 2
INFO [2021-10-14 12:29:44] 
INFO [2021-10-14 12:29:44] $fill
INFO [2021-10-14 12:29:44] c("skyblue", "pink1", "mediumorchid", "orange")
INFO [2021-10-14 12:29:44] 
INFO [2021-10-14 12:29:44] $cex
INFO [2021-10-14 12:29:44] [1] 1
INFO [2021-10-14 12:29:44] 
INFO [2021-10-14 12:29:44] $fontface
INFO [2021-10-14 12:29:44] [1] "bold"
INFO [2021-10-14 12:29:44] 
INFO [2021-10-14 12:29:44] $fontfamily
INFO [2021-10-14 12:29:44] [1] "sans"
INFO [2021-10-14 12:29:44] 
INFO [2021-10-14 12:29:44] $cat.cex
INFO [2021-10-14 12:29:44] [1] 0.7
INFO [2021-10-14 12:29:44] 
INFO [2021-10-14 12:29:44] $cat.fontface
INFO [2021-10-14 12:29:44] [1] "bold"
INFO [2021-10-14 12:29:44] 
INFO [2021-10-14 12:29:44] $cat.default.pos
INFO [2021-10-14 12:29:44] [1] "outer"
INFO [2021-10-14 12:29:44] 
INFO [2021-10-14 12:29:44] $cat.fontfamily
INFO [2021-10-14 12:29:44] [1] "sans"
INFO [2021-10-14 12:29:44] 
