INFO [2021-10-16 11:41:43] $x
INFO [2021-10-16 11:41:43] list(step_ids, sleep_ids, heartrate_ids, weight_ids)
INFO [2021-10-16 11:41:43] 
INFO [2021-10-16 11:41:43] $category.names
INFO [2021-10-16 11:41:43] c("Steps count", "Sleep monitor", "Heart monitor", "Weight tracking")
INFO [2021-10-16 11:41:43] 
INFO [2021-10-16 11:41:43] $filename
INFO [2021-10-16 11:41:43] [1] "features_venn.png"
INFO [2021-10-16 11:41:43] 
INFO [2021-10-16 11:41:43] $output
INFO [2021-10-16 11:41:43] [1] TRUE
INFO [2021-10-16 11:41:43] 
INFO [2021-10-16 11:41:43] $imagetype
INFO [2021-10-16 11:41:43] [1] "png"
INFO [2021-10-16 11:41:43] 
INFO [2021-10-16 11:41:43] $lwd
INFO [2021-10-16 11:41:43] [1] 2
INFO [2021-10-16 11:41:43] 
INFO [2021-10-16 11:41:43] $fill
INFO [2021-10-16 11:41:43] c("skyblue", "pink1", "mediumorchid", "orange")
INFO [2021-10-16 11:41:43] 
INFO [2021-10-16 11:41:43] $cex
INFO [2021-10-16 11:41:43] [1] 1
INFO [2021-10-16 11:41:43] 
INFO [2021-10-16 11:41:43] $fontface
INFO [2021-10-16 11:41:43] [1] "bold"
INFO [2021-10-16 11:41:43] 
INFO [2021-10-16 11:41:43] $fontfamily
INFO [2021-10-16 11:41:43] [1] "sans"
INFO [2021-10-16 11:41:43] 
INFO [2021-10-16 11:41:43] $cat.cex
INFO [2021-10-16 11:41:43] [1] 0.7
INFO [2021-10-16 11:41:43] 
INFO [2021-10-16 11:41:43] $cat.fontface
INFO [2021-10-16 11:41:43] [1] "bold"
INFO [2021-10-16 11:41:43] 
INFO [2021-10-16 11:41:43] $cat.default.pos
INFO [2021-10-16 11:41:43] [1] "outer"
INFO [2021-10-16 11:41:43] 
INFO [2021-10-16 11:41:43] $cat.fontfamily
INFO [2021-10-16 11:41:43] [1] "sans"
INFO [2021-10-16 11:41:43] 
