INFO [2021-10-19 15:39:18] $x
INFO [2021-10-19 15:39:18] list(step_ids, sleep_ids, heartrate_ids, weight_ids)
INFO [2021-10-19 15:39:18] 
INFO [2021-10-19 15:39:18] $category.names
INFO [2021-10-19 15:39:18] c("Steps count", "Sleep monitor", "Heart monitor", "Weight tracking")
INFO [2021-10-19 15:39:18] 
INFO [2021-10-19 15:39:18] $filename
INFO [2021-10-19 15:39:18] [1] "features_venn.png"
INFO [2021-10-19 15:39:18] 
INFO [2021-10-19 15:39:18] $output
INFO [2021-10-19 15:39:18] [1] TRUE
INFO [2021-10-19 15:39:18] 
INFO [2021-10-19 15:39:18] $imagetype
INFO [2021-10-19 15:39:18] [1] "png"
INFO [2021-10-19 15:39:18] 
INFO [2021-10-19 15:39:18] $lwd
INFO [2021-10-19 15:39:18] [1] 2
INFO [2021-10-19 15:39:18] 
INFO [2021-10-19 15:39:18] $fill
INFO [2021-10-19 15:39:18] c("skyblue", "pink1", "mediumorchid", "orange")
INFO [2021-10-19 15:39:18] 
INFO [2021-10-19 15:39:18] $cex
INFO [2021-10-19 15:39:18] [1] 1
INFO [2021-10-19 15:39:18] 
INFO [2021-10-19 15:39:18] $fontface
INFO [2021-10-19 15:39:18] [1] "bold"
INFO [2021-10-19 15:39:18] 
INFO [2021-10-19 15:39:18] $fontfamily
INFO [2021-10-19 15:39:18] [1] "sans"
INFO [2021-10-19 15:39:18] 
INFO [2021-10-19 15:39:18] $cat.cex
INFO [2021-10-19 15:39:18] [1] 0.7
INFO [2021-10-19 15:39:18] 
INFO [2021-10-19 15:39:18] $cat.fontface
INFO [2021-10-19 15:39:18] [1] "bold"
INFO [2021-10-19 15:39:18] 
INFO [2021-10-19 15:39:18] $cat.default.pos
INFO [2021-10-19 15:39:18] [1] "outer"
INFO [2021-10-19 15:39:18] 
INFO [2021-10-19 15:39:18] $cat.fontfamily
INFO [2021-10-19 15:39:18] [1] "sans"
INFO [2021-10-19 15:39:18] 
