INFO [2021-10-17 09:36:10] $x
INFO [2021-10-17 09:36:10] list(step_ids, sleep_ids, heartrate_ids, weight_ids)
INFO [2021-10-17 09:36:10] 
INFO [2021-10-17 09:36:10] $category.names
INFO [2021-10-17 09:36:10] c("Steps count", "Sleep monitor", "Heart monitor", "Weight tracking")
INFO [2021-10-17 09:36:10] 
INFO [2021-10-17 09:36:10] $filename
INFO [2021-10-17 09:36:10] [1] "features_venn.png"
INFO [2021-10-17 09:36:10] 
INFO [2021-10-17 09:36:10] $output
INFO [2021-10-17 09:36:10] [1] TRUE
INFO [2021-10-17 09:36:10] 
INFO [2021-10-17 09:36:10] $imagetype
INFO [2021-10-17 09:36:10] [1] "png"
INFO [2021-10-17 09:36:10] 
INFO [2021-10-17 09:36:10] $lwd
INFO [2021-10-17 09:36:10] [1] 2
INFO [2021-10-17 09:36:10] 
INFO [2021-10-17 09:36:10] $fill
INFO [2021-10-17 09:36:10] c("skyblue", "pink1", "mediumorchid", "orange")
INFO [2021-10-17 09:36:10] 
INFO [2021-10-17 09:36:10] $cex
INFO [2021-10-17 09:36:10] [1] 1
INFO [2021-10-17 09:36:10] 
INFO [2021-10-17 09:36:10] $fontface
INFO [2021-10-17 09:36:10] [1] "bold"
INFO [2021-10-17 09:36:10] 
INFO [2021-10-17 09:36:10] $fontfamily
INFO [2021-10-17 09:36:10] [1] "sans"
INFO [2021-10-17 09:36:10] 
INFO [2021-10-17 09:36:10] $cat.cex
INFO [2021-10-17 09:36:10] [1] 0.7
INFO [2021-10-17 09:36:10] 
INFO [2021-10-17 09:36:10] $cat.fontface
INFO [2021-10-17 09:36:10] [1] "bold"
INFO [2021-10-17 09:36:10] 
INFO [2021-10-17 09:36:10] $cat.default.pos
INFO [2021-10-17 09:36:10] [1] "outer"
INFO [2021-10-17 09:36:10] 
INFO [2021-10-17 09:36:10] $cat.fontfamily
INFO [2021-10-17 09:36:10] [1] "sans"
INFO [2021-10-17 09:36:10] 
