INFO [2021-10-15 13:45:33] $x
INFO [2021-10-15 13:45:33] list(step_ids, sleep_ids, heartrate_ids, weight_ids)
INFO [2021-10-15 13:45:33] 
INFO [2021-10-15 13:45:33] $category.names
INFO [2021-10-15 13:45:33] c("Steps count", "Sleep monitor", "Heart monitor", "Weight tracking")
INFO [2021-10-15 13:45:33] 
INFO [2021-10-15 13:45:33] $filename
INFO [2021-10-15 13:45:33] [1] "features_venn.png"
INFO [2021-10-15 13:45:33] 
INFO [2021-10-15 13:45:33] $output
INFO [2021-10-15 13:45:33] [1] TRUE
INFO [2021-10-15 13:45:33] 
INFO [2021-10-15 13:45:33] $imagetype
INFO [2021-10-15 13:45:33] [1] "png"
INFO [2021-10-15 13:45:33] 
INFO [2021-10-15 13:45:33] $lwd
INFO [2021-10-15 13:45:33] [1] 2
INFO [2021-10-15 13:45:33] 
INFO [2021-10-15 13:45:33] $fill
INFO [2021-10-15 13:45:33] c("skyblue", "pink1", "mediumorchid", "orange")
INFO [2021-10-15 13:45:33] 
INFO [2021-10-15 13:45:33] $cex
INFO [2021-10-15 13:45:33] [1] 1
INFO [2021-10-15 13:45:33] 
INFO [2021-10-15 13:45:33] $fontface
INFO [2021-10-15 13:45:33] [1] "bold"
INFO [2021-10-15 13:45:33] 
INFO [2021-10-15 13:45:33] $fontfamily
INFO [2021-10-15 13:45:33] [1] "sans"
INFO [2021-10-15 13:45:33] 
INFO [2021-10-15 13:45:33] $cat.cex
INFO [2021-10-15 13:45:33] [1] 0.7
INFO [2021-10-15 13:45:33] 
INFO [2021-10-15 13:45:33] $cat.fontface
INFO [2021-10-15 13:45:33] [1] "bold"
INFO [2021-10-15 13:45:33] 
INFO [2021-10-15 13:45:33] $cat.default.pos
INFO [2021-10-15 13:45:33] [1] "outer"
INFO [2021-10-15 13:45:33] 
INFO [2021-10-15 13:45:33] $cat.fontfamily
INFO [2021-10-15 13:45:33] [1] "sans"
INFO [2021-10-15 13:45:33] 
