INFO [2021-10-13 16:46:13] $x
INFO [2021-10-13 16:46:13] list(step_ids, sleep_ids, heartrate_ids, weight_ids)
INFO [2021-10-13 16:46:13] 
INFO [2021-10-13 16:46:13] $category.names
INFO [2021-10-13 16:46:13] c("Step counter", "Sleep monitor", "Heart monitor", "Weight tracking")
INFO [2021-10-13 16:46:13] 
INFO [2021-10-13 16:46:13] $filename
INFO [2021-10-13 16:46:13] [1] "features_venn.png"
INFO [2021-10-13 16:46:13] 
INFO [2021-10-13 16:46:13] $output
INFO [2021-10-13 16:46:13] [1] TRUE
INFO [2021-10-13 16:46:13] 
INFO [2021-10-13 16:46:13] $imagetype
INFO [2021-10-13 16:46:13] [1] "png"
INFO [2021-10-13 16:46:13] 
INFO [2021-10-13 16:46:13] $lwd
INFO [2021-10-13 16:46:13] [1] 2
INFO [2021-10-13 16:46:13] 
INFO [2021-10-13 16:46:13] $fill
INFO [2021-10-13 16:46:13] c("skyblue", "pink1", "mediumorchid", "orange")
INFO [2021-10-13 16:46:13] 
INFO [2021-10-13 16:46:13] $cex
INFO [2021-10-13 16:46:13] [1] 1
INFO [2021-10-13 16:46:13] 
INFO [2021-10-13 16:46:13] $fontface
INFO [2021-10-13 16:46:13] [1] "bold"
INFO [2021-10-13 16:46:13] 
INFO [2021-10-13 16:46:13] $fontfamily
INFO [2021-10-13 16:46:13] [1] "sans"
INFO [2021-10-13 16:46:13] 
INFO [2021-10-13 16:46:13] $cat.cex
INFO [2021-10-13 16:46:13] [1] 0.7
INFO [2021-10-13 16:46:13] 
INFO [2021-10-13 16:46:13] $cat.fontface
INFO [2021-10-13 16:46:13] [1] "bold"
INFO [2021-10-13 16:46:13] 
INFO [2021-10-13 16:46:13] $cat.default.pos
INFO [2021-10-13 16:46:13] [1] "outer"
INFO [2021-10-13 16:46:13] 
INFO [2021-10-13 16:46:13] $cat.fontfamily
INFO [2021-10-13 16:46:13] [1] "sans"
INFO [2021-10-13 16:46:13] 
