INFO [2021-10-16 12:26:56] $x
INFO [2021-10-16 12:26:56] list(step_ids, sleep_ids, heartrate_ids, weight_ids)
INFO [2021-10-16 12:26:56] 
INFO [2021-10-16 12:26:56] $category.names
INFO [2021-10-16 12:26:56] c("Steps count", "Sleep monitor", "Heart monitor", "Weight tracking")
INFO [2021-10-16 12:26:56] 
INFO [2021-10-16 12:26:56] $filename
INFO [2021-10-16 12:26:56] [1] "features_venn.png"
INFO [2021-10-16 12:26:56] 
INFO [2021-10-16 12:26:56] $output
INFO [2021-10-16 12:26:56] [1] TRUE
INFO [2021-10-16 12:26:56] 
INFO [2021-10-16 12:26:56] $imagetype
INFO [2021-10-16 12:26:56] [1] "png"
INFO [2021-10-16 12:26:56] 
INFO [2021-10-16 12:26:56] $lwd
INFO [2021-10-16 12:26:56] [1] 2
INFO [2021-10-16 12:26:56] 
INFO [2021-10-16 12:26:56] $fill
INFO [2021-10-16 12:26:56] c("skyblue", "pink1", "mediumorchid", "orange")
INFO [2021-10-16 12:26:56] 
INFO [2021-10-16 12:26:56] $cex
INFO [2021-10-16 12:26:56] [1] 1
INFO [2021-10-16 12:26:56] 
INFO [2021-10-16 12:26:56] $fontface
INFO [2021-10-16 12:26:56] [1] "bold"
INFO [2021-10-16 12:26:56] 
INFO [2021-10-16 12:26:56] $fontfamily
INFO [2021-10-16 12:26:56] [1] "sans"
INFO [2021-10-16 12:26:56] 
INFO [2021-10-16 12:26:56] $cat.cex
INFO [2021-10-16 12:26:56] [1] 0.7
INFO [2021-10-16 12:26:56] 
INFO [2021-10-16 12:26:56] $cat.fontface
INFO [2021-10-16 12:26:56] [1] "bold"
INFO [2021-10-16 12:26:56] 
INFO [2021-10-16 12:26:56] $cat.default.pos
INFO [2021-10-16 12:26:56] [1] "outer"
INFO [2021-10-16 12:26:56] 
INFO [2021-10-16 12:26:56] $cat.fontfamily
INFO [2021-10-16 12:26:56] [1] "sans"
INFO [2021-10-16 12:26:56] 
