INFO [2021-10-20 12:49:08] $x
INFO [2021-10-20 12:49:08] list(step_ids, sleep_ids, heartrate_ids, weight_ids)
INFO [2021-10-20 12:49:08] 
INFO [2021-10-20 12:49:08] $category.names
INFO [2021-10-20 12:49:08] c("Step counter", "Sleep monitor", "Heart monitor", "Weight tracker")
INFO [2021-10-20 12:49:08] 
INFO [2021-10-20 12:49:08] $filename
INFO [2021-10-20 12:49:08] [1] "features_venn.png"
INFO [2021-10-20 12:49:08] 
INFO [2021-10-20 12:49:08] $output
INFO [2021-10-20 12:49:08] [1] TRUE
INFO [2021-10-20 12:49:08] 
INFO [2021-10-20 12:49:08] $imagetype
INFO [2021-10-20 12:49:08] [1] "png"
INFO [2021-10-20 12:49:08] 
INFO [2021-10-20 12:49:08] $lwd
INFO [2021-10-20 12:49:08] [1] 2
INFO [2021-10-20 12:49:08] 
INFO [2021-10-20 12:49:08] $fill
INFO [2021-10-20 12:49:08] c("skyblue", "pink1", "mediumorchid", "orange")
INFO [2021-10-20 12:49:08] 
INFO [2021-10-20 12:49:08] $cex
INFO [2021-10-20 12:49:08] [1] 1
INFO [2021-10-20 12:49:08] 
INFO [2021-10-20 12:49:08] $fontface
INFO [2021-10-20 12:49:08] [1] "bold"
INFO [2021-10-20 12:49:08] 
INFO [2021-10-20 12:49:08] $fontfamily
INFO [2021-10-20 12:49:08] [1] "sans"
INFO [2021-10-20 12:49:08] 
INFO [2021-10-20 12:49:08] $cat.cex
INFO [2021-10-20 12:49:08] [1] 0.7
INFO [2021-10-20 12:49:08] 
INFO [2021-10-20 12:49:08] $cat.fontface
INFO [2021-10-20 12:49:08] [1] "bold"
INFO [2021-10-20 12:49:08] 
INFO [2021-10-20 12:49:08] $cat.default.pos
INFO [2021-10-20 12:49:08] [1] "outer"
INFO [2021-10-20 12:49:08] 
INFO [2021-10-20 12:49:08] $cat.fontfamily
INFO [2021-10-20 12:49:08] [1] "sans"
INFO [2021-10-20 12:49:08] 
