INFO [2021-10-18 15:03:41] $x
INFO [2021-10-18 15:03:41] list(step_ids, sleep_ids, heartrate_ids, weight_ids)
INFO [2021-10-18 15:03:41] 
INFO [2021-10-18 15:03:41] $category.names
INFO [2021-10-18 15:03:41] c("Step counter", "Sleep monitor", "Heart monitor", "Weight tracker")
INFO [2021-10-18 15:03:41] 
INFO [2021-10-18 15:03:41] $filename
INFO [2021-10-18 15:03:41] [1] "features_venn.png"
INFO [2021-10-18 15:03:41] 
INFO [2021-10-18 15:03:41] $output
INFO [2021-10-18 15:03:41] [1] TRUE
INFO [2021-10-18 15:03:41] 
INFO [2021-10-18 15:03:41] $imagetype
INFO [2021-10-18 15:03:41] [1] "png"
INFO [2021-10-18 15:03:41] 
INFO [2021-10-18 15:03:41] $lwd
INFO [2021-10-18 15:03:41] [1] 2
INFO [2021-10-18 15:03:41] 
INFO [2021-10-18 15:03:41] $fill
INFO [2021-10-18 15:03:41] c("skyblue", "pink1", "mediumorchid", "orange")
INFO [2021-10-18 15:03:41] 
INFO [2021-10-18 15:03:41] $cex
INFO [2021-10-18 15:03:41] [1] 1
INFO [2021-10-18 15:03:41] 
INFO [2021-10-18 15:03:41] $fontface
INFO [2021-10-18 15:03:41] [1] "bold"
INFO [2021-10-18 15:03:41] 
INFO [2021-10-18 15:03:41] $fontfamily
INFO [2021-10-18 15:03:41] [1] "sans"
INFO [2021-10-18 15:03:41] 
INFO [2021-10-18 15:03:41] $cat.cex
INFO [2021-10-18 15:03:41] [1] 0.7
INFO [2021-10-18 15:03:41] 
INFO [2021-10-18 15:03:41] $cat.fontface
INFO [2021-10-18 15:03:41] [1] "bold"
INFO [2021-10-18 15:03:41] 
INFO [2021-10-18 15:03:41] $cat.default.pos
INFO [2021-10-18 15:03:41] [1] "outer"
INFO [2021-10-18 15:03:41] 
INFO [2021-10-18 15:03:41] $cat.fontfamily
INFO [2021-10-18 15:03:41] [1] "sans"
INFO [2021-10-18 15:03:41] 
