INFO [2021-10-18 12:32:22] $x
INFO [2021-10-18 12:32:22] list(step_ids, sleep_ids, heartrate_ids, weight_ids)
INFO [2021-10-18 12:32:22] 
INFO [2021-10-18 12:32:22] $category.names
INFO [2021-10-18 12:32:22] c("Step counter", "Sleep monitor", "Heart monitor", "Weight tracker")
INFO [2021-10-18 12:32:22] 
INFO [2021-10-18 12:32:22] $filename
INFO [2021-10-18 12:32:22] [1] "features_venn.png"
INFO [2021-10-18 12:32:22] 
INFO [2021-10-18 12:32:22] $output
INFO [2021-10-18 12:32:22] [1] TRUE
INFO [2021-10-18 12:32:22] 
INFO [2021-10-18 12:32:22] $imagetype
INFO [2021-10-18 12:32:22] [1] "png"
INFO [2021-10-18 12:32:22] 
INFO [2021-10-18 12:32:22] $lwd
INFO [2021-10-18 12:32:22] [1] 2
INFO [2021-10-18 12:32:22] 
INFO [2021-10-18 12:32:22] $fill
INFO [2021-10-18 12:32:22] c("skyblue", "pink1", "mediumorchid", "orange")
INFO [2021-10-18 12:32:22] 
INFO [2021-10-18 12:32:22] $cex
INFO [2021-10-18 12:32:22] [1] 1
INFO [2021-10-18 12:32:22] 
INFO [2021-10-18 12:32:22] $fontface
INFO [2021-10-18 12:32:22] [1] "bold"
INFO [2021-10-18 12:32:22] 
INFO [2021-10-18 12:32:22] $fontfamily
INFO [2021-10-18 12:32:22] [1] "sans"
INFO [2021-10-18 12:32:22] 
INFO [2021-10-18 12:32:22] $cat.cex
INFO [2021-10-18 12:32:22] [1] 0.7
INFO [2021-10-18 12:32:22] 
INFO [2021-10-18 12:32:22] $cat.fontface
INFO [2021-10-18 12:32:22] [1] "bold"
INFO [2021-10-18 12:32:22] 
INFO [2021-10-18 12:32:22] $cat.default.pos
INFO [2021-10-18 12:32:22] [1] "outer"
INFO [2021-10-18 12:32:22] 
INFO [2021-10-18 12:32:22] $cat.fontfamily
INFO [2021-10-18 12:32:22] [1] "sans"
INFO [2021-10-18 12:32:22] 
