INFO [2021-10-18 12:46:16] $x
INFO [2021-10-18 12:46:16] list(step_ids, sleep_ids, heartrate_ids, weight_ids)
INFO [2021-10-18 12:46:16] 
INFO [2021-10-18 12:46:16] $category.names
INFO [2021-10-18 12:46:16] c("Step counter", "Sleep monitor", "Heart monitor", "Weight tracker")
INFO [2021-10-18 12:46:16] 
INFO [2021-10-18 12:46:16] $filename
INFO [2021-10-18 12:46:16] [1] "features_venn.png"
INFO [2021-10-18 12:46:16] 
INFO [2021-10-18 12:46:16] $output
INFO [2021-10-18 12:46:16] [1] TRUE
INFO [2021-10-18 12:46:16] 
INFO [2021-10-18 12:46:16] $imagetype
INFO [2021-10-18 12:46:16] [1] "png"
INFO [2021-10-18 12:46:16] 
INFO [2021-10-18 12:46:16] $lwd
INFO [2021-10-18 12:46:16] [1] 2
INFO [2021-10-18 12:46:16] 
INFO [2021-10-18 12:46:16] $fill
INFO [2021-10-18 12:46:16] c("skyblue", "pink1", "mediumorchid", "orange")
INFO [2021-10-18 12:46:16] 
INFO [2021-10-18 12:46:16] $cex
INFO [2021-10-18 12:46:16] [1] 1
INFO [2021-10-18 12:46:16] 
INFO [2021-10-18 12:46:16] $fontface
INFO [2021-10-18 12:46:16] [1] "bold"
INFO [2021-10-18 12:46:16] 
INFO [2021-10-18 12:46:16] $fontfamily
INFO [2021-10-18 12:46:16] [1] "sans"
INFO [2021-10-18 12:46:16] 
INFO [2021-10-18 12:46:16] $cat.cex
INFO [2021-10-18 12:46:16] [1] 0.7
INFO [2021-10-18 12:46:16] 
INFO [2021-10-18 12:46:16] $cat.fontface
INFO [2021-10-18 12:46:16] [1] "bold"
INFO [2021-10-18 12:46:16] 
INFO [2021-10-18 12:46:16] $cat.default.pos
INFO [2021-10-18 12:46:16] [1] "outer"
INFO [2021-10-18 12:46:16] 
INFO [2021-10-18 12:46:16] $cat.fontfamily
INFO [2021-10-18 12:46:16] [1] "sans"
INFO [2021-10-18 12:46:16] 
