INFO [2021-10-15 10:17:39] $x
INFO [2021-10-15 10:17:39] list(step_ids, sleep_ids, heartrate_ids, weight_ids)
INFO [2021-10-15 10:17:39] 
INFO [2021-10-15 10:17:39] $category.names
INFO [2021-10-15 10:17:39] c("Step counter", "Sleep monitor", "Heart monitor", "Weight tracking")
INFO [2021-10-15 10:17:39] 
INFO [2021-10-15 10:17:39] $filename
INFO [2021-10-15 10:17:39] [1] "features_venn.png"
INFO [2021-10-15 10:17:39] 
INFO [2021-10-15 10:17:39] $output
INFO [2021-10-15 10:17:39] [1] TRUE
INFO [2021-10-15 10:17:39] 
INFO [2021-10-15 10:17:39] $imagetype
INFO [2021-10-15 10:17:39] [1] "png"
INFO [2021-10-15 10:17:39] 
INFO [2021-10-15 10:17:39] $lwd
INFO [2021-10-15 10:17:39] [1] 2
INFO [2021-10-15 10:17:39] 
INFO [2021-10-15 10:17:39] $fill
INFO [2021-10-15 10:17:39] c("skyblue", "pink1", "mediumorchid", "orange")
INFO [2021-10-15 10:17:39] 
INFO [2021-10-15 10:17:39] $cex
INFO [2021-10-15 10:17:39] [1] 1
INFO [2021-10-15 10:17:39] 
INFO [2021-10-15 10:17:39] $fontface
INFO [2021-10-15 10:17:39] [1] "bold"
INFO [2021-10-15 10:17:39] 
INFO [2021-10-15 10:17:39] $fontfamily
INFO [2021-10-15 10:17:39] [1] "sans"
INFO [2021-10-15 10:17:39] 
INFO [2021-10-15 10:17:39] $cat.cex
INFO [2021-10-15 10:17:39] [1] 0.7
INFO [2021-10-15 10:17:39] 
INFO [2021-10-15 10:17:39] $cat.fontface
INFO [2021-10-15 10:17:39] [1] "bold"
INFO [2021-10-15 10:17:39] 
INFO [2021-10-15 10:17:39] $cat.default.pos
INFO [2021-10-15 10:17:39] [1] "outer"
INFO [2021-10-15 10:17:39] 
INFO [2021-10-15 10:17:39] $cat.fontfamily
INFO [2021-10-15 10:17:39] [1] "sans"
INFO [2021-10-15 10:17:39] 
