INFO [2021-10-18 15:30:14] $x
INFO [2021-10-18 15:30:14] list(step_ids, sleep_ids, heartrate_ids, weight_ids)
INFO [2021-10-18 15:30:14] 
INFO [2021-10-18 15:30:14] $category.names
INFO [2021-10-18 15:30:14] c("Step counter", "Sleep monitor", "Heart monitor", "Weight tracker")
INFO [2021-10-18 15:30:14] 
INFO [2021-10-18 15:30:14] $filename
INFO [2021-10-18 15:30:14] [1] "features_venn.png"
INFO [2021-10-18 15:30:14] 
INFO [2021-10-18 15:30:14] $output
INFO [2021-10-18 15:30:14] [1] TRUE
INFO [2021-10-18 15:30:14] 
INFO [2021-10-18 15:30:14] $imagetype
INFO [2021-10-18 15:30:14] [1] "png"
INFO [2021-10-18 15:30:14] 
INFO [2021-10-18 15:30:14] $lwd
INFO [2021-10-18 15:30:14] [1] 2
INFO [2021-10-18 15:30:14] 
INFO [2021-10-18 15:30:14] $fill
INFO [2021-10-18 15:30:14] c("skyblue", "pink1", "mediumorchid", "orange")
INFO [2021-10-18 15:30:14] 
INFO [2021-10-18 15:30:14] $cex
INFO [2021-10-18 15:30:14] [1] 1
INFO [2021-10-18 15:30:14] 
INFO [2021-10-18 15:30:14] $fontface
INFO [2021-10-18 15:30:14] [1] "bold"
INFO [2021-10-18 15:30:14] 
INFO [2021-10-18 15:30:14] $fontfamily
INFO [2021-10-18 15:30:14] [1] "sans"
INFO [2021-10-18 15:30:14] 
INFO [2021-10-18 15:30:14] $cat.cex
INFO [2021-10-18 15:30:14] [1] 0.7
INFO [2021-10-18 15:30:14] 
INFO [2021-10-18 15:30:14] $cat.fontface
INFO [2021-10-18 15:30:14] [1] "bold"
INFO [2021-10-18 15:30:14] 
INFO [2021-10-18 15:30:14] $cat.default.pos
INFO [2021-10-18 15:30:14] [1] "outer"
INFO [2021-10-18 15:30:14] 
INFO [2021-10-18 15:30:14] $cat.fontfamily
INFO [2021-10-18 15:30:14] [1] "sans"
INFO [2021-10-18 15:30:14] 
